  raudio.c
C:\Users\Dulapah Vibulsanti\OneDrive - KMITL\Documents\GitHub\Touhou-Project\raylib\src\external\jar_xm.h(130,22): warning C4018: '<': signed/unsigned mismatch
C:\Users\Dulapah Vibulsanti\OneDrive - KMITL\Documents\GitHub\Touhou-Project\raylib\src\external\jar_xm.h(130,53): warning C4244: '=': conversion from 'float' to 'short', possible loss of data
C:\Users\Dulapah Vibulsanti\OneDrive - KMITL\Documents\GitHub\Touhou-Project\raylib\src\external\jar_xm.h(143,22): warning C4018: '<': signed/unsigned mismatch
C:\Users\Dulapah Vibulsanti\OneDrive - KMITL\Documents\GitHub\Touhou-Project\raylib\src\external\jar_xm.h(143,53): warning C4244: '=': conversion from 'float' to 'char', possible loss of data
C:\Users\Dulapah Vibulsanti\OneDrive - KMITL\Documents\GitHub\Touhou-Project\raylib\src\external\jar_xm.h(242,1): warning C4005: 'DEBUG': macro redefinition
C:\Users\Dulapah Vibulsanti\OneDrive - KMITL\Documents\GitHub\Touhou-Project\raylib\src\raudio.c : message : see previous definition of 'DEBUG'
C:\Users\Dulapah Vibulsanti\OneDrive - KMITL\Documents\GitHub\Touhou-Project\raylib\src\external\jar_xm.h(1238,47): warning C4244: '=': conversion from 'uint16_t' to 'uint8_t', possible loss of data
C:\Users\Dulapah Vibulsanti\OneDrive - KMITL\Documents\GitHub\Touhou-Project\raylib\src\external\jar_xm.h(1254,28): warning C4244: 'initializing': conversion from 'float' to 'unsigned int', possible loss of data
C:\Users\Dulapah Vibulsanti\OneDrive - KMITL\Documents\GitHub\Touhou-Project\raylib\src\external\jar_xm.h(1256,33): warning C4244: 'initializing': conversion from 'float' to 'int8_t', possible loss of data
C:\Users\Dulapah Vibulsanti\OneDrive - KMITL\Documents\GitHub\Touhou-Project\raylib\src\external\jar_xm.h(1417,43): warning C4244: '=': conversion from 'uint32_t' to 'float', possible loss of data
C:\Users\Dulapah Vibulsanti\OneDrive - KMITL\Documents\GitHub\Touhou-Project\raylib\src\external\jar_xm.h(1424,53): warning C4244: '=': conversion from 'uint32_t' to 'float', possible loss of data
C:\Users\Dulapah Vibulsanti\OneDrive - KMITL\Documents\GitHub\Touhou-Project\raylib\src\external\jar_xm.h(1426,43): warning C4244: '=': conversion from 'uint32_t' to 'float', possible loss of data
C:\Users\Dulapah Vibulsanti\OneDrive - KMITL\Documents\GitHub\Touhou-Project\raylib\src\external\jar_xm.h(1437,43): warning C4244: '=': conversion from 'uint32_t' to 'float', possible loss of data
C:\Users\Dulapah Vibulsanti\OneDrive - KMITL\Documents\GitHub\Touhou-Project\raylib\src\external\jar_xm.h(1464,41): warning C4244: 'function': conversion from 'int' to 'float', possible loss of data
C:\Users\Dulapah Vibulsanti\OneDrive - KMITL\Documents\GitHub\Touhou-Project\raylib\src\external\jar_xm.h(1824,41): warning C4244: 'function': conversion from 'int' to 'float', possible loss of data
C:\Users\Dulapah Vibulsanti\OneDrive - KMITL\Documents\GitHub\Touhou-Project\raylib\src\external\jar_xm.h(1933,31): warning C4244: '=': conversion from 'double' to 'float', possible loss of data
C:\Users\Dulapah Vibulsanti\OneDrive - KMITL\Documents\GitHub\Touhou-Project\raylib\src\external\jar_xm.h(1990,33): warning C4244: '=': conversion from 'float' to 'uint32_t', possible loss of data
C:\Users\Dulapah Vibulsanti\OneDrive - KMITL\Documents\GitHub\Touhou-Project\raylib\src\external\jar_xm.h(2029,45): warning C4244: '=': conversion from 'uint32_t' to 'float', possible loss of data
C:\Users\Dulapah Vibulsanti\OneDrive - KMITL\Documents\GitHub\Touhou-Project\raylib\src\external\jar_xm.h(2162,21): warning C4244: '+=': conversion from 'float' to 'uint64_t', possible loss of data
C:\Users\Dulapah Vibulsanti\OneDrive - KMITL\Documents\GitHub\Touhou-Project\raylib\src\external\jar_xm.h(2220,43): warning C4018: '<': signed/unsigned mismatch
C:\Users\Dulapah Vibulsanti\OneDrive - KMITL\Documents\GitHub\Touhou-Project\raylib\src\external\jar_xm.h(2322,38): warning C4244: 'initializing': conversion from 'double' to 'int', possible loss of data
  rcore.c
  rglfw.c
  rmodels.c
C:\Users\Dulapah Vibulsanti\OneDrive - KMITL\Documents\GitHub\Touhou-Project\raylib\src\external\par_shapes.h(225,56): warning C4305: 'initializing': truncation from 'double' to 'float'
C:\Users\Dulapah Vibulsanti\OneDrive - KMITL\Documents\GitHub\Touhou-Project\raylib\src\external\par_shapes.h(226,60): warning C4305: 'initializing': truncation from 'double' to 'float'
C:\Users\Dulapah Vibulsanti\OneDrive - KMITL\Documents\GitHub\Touhou-Project\raylib\src\external\par_shapes.h(294,22): warning C4244: 'initializing': conversion from 'double' to 'float', possible loss of data
C:\Users\Dulapah Vibulsanti\OneDrive - KMITL\Documents\GitHub\Touhou-Project\raylib\src\external\par_shapes.h(574,23): warning C4244: 'initializing': conversion from 'double' to 'float', possible loss of data
C:\Users\Dulapah Vibulsanti\OneDrive - KMITL\Documents\GitHub\Touhou-Project\raylib\src\external\par_shapes.h(575,29): warning C4244: 'initializing': conversion from 'double' to 'float', possible loss of data
C:\Users\Dulapah Vibulsanti\OneDrive - KMITL\Documents\GitHub\Touhou-Project\raylib\src\external\par_shapes.h(583,23): warning C4244: 'initializing': conversion from 'double' to 'float', possible loss of data
C:\Users\Dulapah Vibulsanti\OneDrive - KMITL\Documents\GitHub\Touhou-Project\raylib\src\external\par_shapes.h(584,25): warning C4244: 'initializing': conversion from 'double' to 'float', possible loss of data
C:\Users\Dulapah Vibulsanti\OneDrive - KMITL\Documents\GitHub\Touhou-Project\raylib\src\external\par_shapes.h(608,20): warning C4244: 'function': conversion from 'double' to 'float', possible loss of data
C:\Users\Dulapah Vibulsanti\OneDrive - KMITL\Documents\GitHub\Touhou-Project\raylib\src\external\par_shapes.h(599,21): warning C4244: 'initializing': conversion from 'double' to 'float', possible loss of data
C:\Users\Dulapah Vibulsanti\OneDrive - KMITL\Documents\GitHub\Touhou-Project\raylib\src\external\par_shapes.h(600,25): warning C4244: 'initializing': conversion from 'double' to 'float', possible loss of data
C:\Users\Dulapah Vibulsanti\OneDrive - KMITL\Documents\GitHub\Touhou-Project\raylib\src\external\par_shapes.h(616,29): warning C4244: 'initializing': conversion from 'double' to 'float', possible loss of data
C:\Users\Dulapah Vibulsanti\OneDrive - KMITL\Documents\GitHub\Touhou-Project\raylib\src\external\par_shapes.h(625,29): warning C4244: 'initializing': conversion from 'double' to 'float', possible loss of data
C:\Users\Dulapah Vibulsanti\OneDrive - KMITL\Documents\GitHub\Touhou-Project\raylib\src\external\par_shapes.h(635,29): warning C4244: 'initializing': conversion from 'double' to 'float', possible loss of data
C:\Users\Dulapah Vibulsanti\OneDrive - KMITL\Documents\GitHub\Touhou-Project\raylib\src\external\par_shapes.h(636,27): warning C4244: 'initializing': conversion from 'double' to 'float', possible loss of data
C:\Users\Dulapah Vibulsanti\OneDrive - KMITL\Documents\GitHub\Touhou-Project\raylib\src\external\par_shapes.h(658,44): warning C4244: '=': conversion from 'double' to 'float', possible loss of data
C:\Users\Dulapah Vibulsanti\OneDrive - KMITL\Documents\GitHub\Touhou-Project\raylib\src\external\par_shapes.h(660,44): warning C4244: '=': conversion from 'double' to 'float', possible loss of data
C:\Users\Dulapah Vibulsanti\OneDrive - KMITL\Documents\GitHub\Touhou-Project\raylib\src\external\par_shapes.h(661,21): warning C4244: '=': conversion from 'double' to 'float', possible loss of data
C:\Users\Dulapah Vibulsanti\OneDrive - KMITL\Documents\GitHub\Touhou-Project\raylib\src\external\par_shapes.h(667,16): warning C4244: '=': conversion from 'double' to 'float', possible loss of data
C:\Users\Dulapah Vibulsanti\OneDrive - KMITL\Documents\GitHub\Touhou-Project\raylib\src\external\par_shapes.h(668,16): warning C4244: '=': conversion from 'double' to 'float', possible loss of data
C:\Users\Dulapah Vibulsanti\OneDrive - KMITL\Documents\GitHub\Touhou-Project\raylib\src\external\par_shapes.h(669,16): warning C4244: '=': conversion from 'double' to 'float', possible loss of data
C:\Users\Dulapah Vibulsanti\OneDrive - KMITL\Documents\GitHub\Touhou-Project\raylib\src\external\par_shapes.h(650,37): warning C4244: 'initializing': conversion from 'double' to 'const float', possible loss of data
C:\Users\Dulapah Vibulsanti\OneDrive - KMITL\Documents\GitHub\Touhou-Project\raylib\src\external\par_shapes.h(651,31): warning C4244: 'initializing': conversion from 'double' to 'const float', possible loss of data
C:\Users\Dulapah Vibulsanti\OneDrive - KMITL\Documents\GitHub\Touhou-Project\raylib\src\external\par_shapes.h(652,23): warning C4244: 'initializing': conversion from 'double' to 'const float', possible loss of data
C:\Users\Dulapah Vibulsanti\OneDrive - KMITL\Documents\GitHub\Touhou-Project\raylib\src\external\par_shapes.h(653,23): warning C4244: 'initializing': conversion from 'double' to 'const float', possible loss of data
C:\Users\Dulapah Vibulsanti\OneDrive - KMITL\Documents\GitHub\Touhou-Project\raylib\src\external\par_shapes.h(654,23): warning C4244: 'initializing': conversion from 'double' to 'const float', possible loss of data
C:\Users\Dulapah Vibulsanti\OneDrive - KMITL\Documents\GitHub\Touhou-Project\raylib\src\external\par_shapes.h(655,23): warning C4244: 'initializing': conversion from 'double' to 'const float', possible loss of data
C:\Users\Dulapah Vibulsanti\OneDrive - KMITL\Documents\GitHub\Touhou-Project\raylib\src\external\par_shapes.h(727,28): warning C4244: '=': conversion from 'double' to 'float', possible loss of data
C:\Users\Dulapah Vibulsanti\OneDrive - KMITL\Documents\GitHub\Touhou-Project\raylib\src\external\par_shapes.h(728,28): warning C4244: '=': conversion from 'double' to 'float', possible loss of data
C:\Users\Dulapah Vibulsanti\OneDrive - KMITL\Documents\GitHub\Touhou-Project\raylib\src\external\par_shapes.h(752,33): warning C4244: 'function': conversion from 'double' to 'float', possible loss of data
C:\Users\Dulapah Vibulsanti\OneDrive - KMITL\Documents\GitHub\Touhou-Project\raylib\src\external\par_shapes.h(726,38): warning C4244: 'initializing': conversion from 'double' to 'float', possible loss of data
C:\Users\Dulapah Vibulsanti\OneDrive - KMITL\Documents\GitHub\Touhou-Project\raylib\src\external\par_shapes.h(835,35): warning C4244: '=': conversion from 'int' to 'float', possible loss of data
C:\Users\Dulapah Vibulsanti\OneDrive - KMITL\Documents\GitHub\Touhou-Project\raylib\src\external\par_shapes.h(836,35): warning C4244: '=': conversion from 'int' to 'float', possible loss of data
C:\Users\Dulapah Vibulsanti\OneDrive - KMITL\Documents\GitHub\Touhou-Project\raylib\src\external\par_shapes.h(837,35): warning C4244: '=': conversion from 'int' to 'float', possible loss of data
C:\Users\Dulapah Vibulsanti\OneDrive - KMITL\Documents\GitHub\Touhou-Project\raylib\src\external\par_shapes.h(883,1): warning C4305: 'initializing': truncation from 'double' to 'float'
C:\Users\Dulapah Vibulsanti\OneDrive - KMITL\Documents\GitHub\Touhou-Project\raylib\src\external\par_shapes.h(931,1): warning C4305: 'initializing': truncation from 'double' to 'float'
C:\Users\Dulapah Vibulsanti\OneDrive - KMITL\Documents\GitHub\Touhou-Project\raylib\src\external\par_shapes.h(1031,1): warning C4305: 'initializing': truncation from 'double' to 'float'
C:\Users\Dulapah Vibulsanti\OneDrive - KMITL\Documents\GitHub\Touhou-Project\raylib\src\external\par_shapes.h(1362,25): warning C4244: '=': conversion from 'double' to 'float', possible loss of data
C:\Users\Dulapah Vibulsanti\OneDrive - KMITL\Documents\GitHub\Touhou-Project\raylib\src\external\par_shapes.h(1364,58): warning C4244: 'function': conversion from 'double' to 'float', possible loss of data
C:\Users\Dulapah Vibulsanti\OneDrive - KMITL\Documents\GitHub\Touhou-Project\raylib\src\external\par_shapes.h(1366,58): warning C4244: 'function': conversion from 'double' to 'float', possible loss of data
C:\Users\Dulapah Vibulsanti\OneDrive - KMITL\Documents\GitHub\Touhou-Project\raylib\src\external\par_shapes.h(1368,58): warning C4244: 'function': conversion from 'double' to 'float', possible loss of data
C:\Users\Dulapah Vibulsanti\OneDrive - KMITL\Documents\GitHub\Touhou-Project\raylib\src\external\par_shapes.h(1525,38): warning C4305: 'function': truncation from 'double' to 'float'
C:\Users\Dulapah Vibulsanti\OneDrive - KMITL\Documents\GitHub\Touhou-Project\raylib\src\external\par_shapes.h(1542,20): warning C4244: '*=': conversion from 'double' to 'float', possible loss of data
C:\Users\Dulapah Vibulsanti\OneDrive - KMITL\Documents\GitHub\Touhou-Project\raylib\src\external\par_shapes.h(1543,20): warning C4244: '*=': conversion from 'double' to 'float', possible loss of data
C:\Users\Dulapah Vibulsanti\OneDrive - KMITL\Documents\GitHub\Touhou-Project\raylib\src\external\par_shapes.h(1544,20): warning C4244: '*=': conversion from 'double' to 'float', possible loss of data
C:\Users\Dulapah Vibulsanti\OneDrive - KMITL\Documents\GitHub\Touhou-Project\raylib\src\external\par_shapes.h(1546,39): warning C4244: '=': conversion from 'double' to 'float', possible loss of data
C:\Users\Dulapah Vibulsanti\OneDrive - KMITL\Documents\GitHub\Touhou-Project\raylib\src\external\par_shapes.h(1830,33): warning C4244: 'function': conversion from 'double' to 'float', possible loss of data
C:\Users\Dulapah Vibulsanti\OneDrive - KMITL\Documents\GitHub\Touhou-Project\raylib\src\external\par_shapes.h(1830,49): warning C4244: 'function': conversion from 'double' to 'float', possible loss of data
C:\Users\Dulapah Vibulsanti\OneDrive - KMITL\Documents\GitHub\Touhou-Project\raylib\src\external\par_shapes.h(1830,65): warning C4244: 'function': conversion from 'double' to 'float', possible loss of data
C:\Users\Dulapah Vibulsanti\OneDrive - KMITL\Documents\GitHub\Touhou-Project\raylib\src\external\par_shapes.h(1799,30): warning C4244: 'initializing': conversion from 'int' to 'float', possible loss of data
C:\Users\Dulapah Vibulsanti\OneDrive - KMITL\Documents\GitHub\Touhou-Project\raylib\src\rmodels.c(4865,47): warning C4018: '<': signed/unsigned mismatch
C:\Users\Dulapah Vibulsanti\OneDrive - KMITL\Documents\GitHub\Touhou-Project\raylib\src\rmodels.c(4879,47): warning C4018: '<': signed/unsigned mismatch
C:\Users\Dulapah Vibulsanti\OneDrive - KMITL\Documents\GitHub\Touhou-Project\raylib\src\rmodels.c(4914,43): warning C4018: '<': signed/unsigned mismatch
C:\Users\Dulapah Vibulsanti\OneDrive - KMITL\Documents\GitHub\Touhou-Project\raylib\src\rmodels.c(4926,35): warning C4018: '<': signed/unsigned mismatch
  rshapes.c
  rtext.c
  rtextures.c
  utils.c
  Generating Code...
opengl32.lib(OPENGL32.dll) : warning LNK4006: __NULL_IMPORT_DESCRIPTOR already defined in winmm.lib(WINMM.dll); second definition ignored
kernel32.lib(KERNEL32.dll) : warning LNK4006: __NULL_IMPORT_DESCRIPTOR already defined in winmm.lib(WINMM.dll); second definition ignored
gdi32.lib(GDI32.dll) : warning LNK4006: __NULL_IMPORT_DESCRIPTOR already defined in winmm.lib(WINMM.dll); second definition ignored
  raylib.vcxproj -> C:\Users\Dulapah Vibulsanti\OneDrive - KMITL\Documents\GitHub\Touhou-Project\bin\Debug\raylib.lib
