c:\users\dulapah vibulsanti\onedrive\documents\github\touhou-project\bin\debug\raylib.pdb
c:\users\dulapah vibulsanti\onedrive\documents\github\touhou-project\bin\debug\raylib.idb
c:\users\dulapah vibulsanti\onedrive\documents\github\touhou-project\build\obj\x86\debug\utils.obj
c:\users\dulapah vibulsanti\onedrive\documents\github\touhou-project\build\obj\x86\debug\rtextures.obj
c:\users\dulapah vibulsanti\onedrive\documents\github\touhou-project\build\obj\x86\debug\rtext.obj
c:\users\dulapah vibulsanti\onedrive\documents\github\touhou-project\build\obj\x86\debug\rshapes.obj
c:\users\dulapah vibulsanti\onedrive\documents\github\touhou-project\build\obj\x86\debug\rmodels.obj
c:\users\dulapah vibulsanti\onedrive\documents\github\touhou-project\build\obj\x86\debug\rglfw.obj
c:\users\dulapah vibulsanti\onedrive\documents\github\touhou-project\build\obj\x86\debug\rcore.obj
c:\users\dulapah vibulsanti\onedrive\documents\github\touhou-project\build\obj\x86\debug\raudio.obj
c:\users\dulapah vibulsanti\onedrive - kmitl\documents\github\touhou-project\bin\debug\raylib.pdb
c:\users\dulapah vibulsanti\onedrive - kmitl\documents\github\touhou-project\bin\debug\raylib.idb
c:\users\dulapah vibulsanti\onedrive - kmitl\documents\github\touhou-project\build\obj\x86\debug\utils.obj
c:\users\dulapah vibulsanti\onedrive - kmitl\documents\github\touhou-project\build\obj\x86\debug\rtextures.obj
c:\users\dulapah vibulsanti\onedrive - kmitl\documents\github\touhou-project\build\obj\x86\debug\rtext.obj
c:\users\dulapah vibulsanti\onedrive - kmitl\documents\github\touhou-project\build\obj\x86\debug\rshapes.obj
c:\users\dulapah vibulsanti\onedrive - kmitl\documents\github\touhou-project\build\obj\x86\debug\rmodels.obj
c:\users\dulapah vibulsanti\onedrive - kmitl\documents\github\touhou-project\build\obj\x86\debug\rglfw.obj
c:\users\dulapah vibulsanti\onedrive - kmitl\documents\github\touhou-project\build\obj\x86\debug\rcore.obj
c:\users\dulapah vibulsanti\onedrive - kmitl\documents\github\touhou-project\build\obj\x86\debug\raudio.obj
c:\users\dulapah vibulsanti\onedrive\documents\github\touhou-project\bin\debug\raylib.lib
c:\users\dulapah vibulsanti\onedrive - kmitl\documents\github\touhou-project\bin\debug\raylib.lib
c:\users\dulapah vibulsanti\onedrive - kmitl\documents\github\touhou-project\build\obj\x86\debug\raylib.tlog\cl.command.1.tlog
c:\users\dulapah vibulsanti\onedrive - kmitl\documents\github\touhou-project\build\obj\x86\debug\raylib.tlog\cl.read.1.tlog
c:\users\dulapah vibulsanti\onedrive - kmitl\documents\github\touhou-project\build\obj\x86\debug\raylib.tlog\cl.write.1.tlog
c:\users\dulapah vibulsanti\onedrive - kmitl\documents\github\touhou-project\build\obj\x86\debug\raylib.tlog\lib-link.read.1.tlog
c:\users\dulapah vibulsanti\onedrive - kmitl\documents\github\touhou-project\build\obj\x86\debug\raylib.tlog\lib-link.write.1.tlog
c:\users\dulapah vibulsanti\onedrive - kmitl\documents\github\touhou-project\build\obj\x86\debug\raylib.tlog\lib.command.1.tlog
